<?xml version="1.0" encoding="UTF-8"?>
<testng-results skipped="0" failed="0" total="1" passed="1">
  <reporter-output>
  </reporter-output>
  <suite name="Default suite" duration-ms="60" started-at="2019-03-06T06:46:39Z" finished-at="2019-03-06T06:46:39Z">
    <groups>
    </groups>
    <test name="Default test" duration-ms="60" started-at="2019-03-06T06:46:39Z" finished-at="2019-03-06T06:46:39Z">
      <class name="net.xdclass.demo.testng.TestHelloWorld">
        <test-method status="PASS" signature="testEmailGenerator()[pri:0, instance:net.xdclass.demo.testng.TestHelloWorld@685cb137]" name="testEmailGenerator" duration-ms="30" started-at="2019-03-06T14:46:39Z" finished-at="2019-03-06T14:46:39Z">
          <reporter-output>
          </reporter-output>
        </test-method> <!-- testEmailGenerator -->
      </class> <!-- net.xdclass.demo.testng.TestHelloWorld -->
    </test> <!-- Default test -->
  </suite> <!-- Default suite -->
</testng-results>
