<?xml version="1.0" encoding="UTF-8"?>
<testng-results skipped="0" failed="0" total="1" passed="1">
  <reporter-output>
  </reporter-output>
  <suite name="Default suite" duration-ms="42" started-at="2019-03-06T03:18:12Z" finished-at="2019-03-06T03:18:12Z">
    <groups>
    </groups>
    <test name="Default test" duration-ms="42" started-at="2019-03-06T03:18:12Z" finished-at="2019-03-06T03:18:12Z">
      <class name="net.xdclass.demo.testng.TestHelloWorld">
        <test-method status="PASS" signature="testEmailGenerator2()[pri:0, instance:net.xdclass.demo.testng.TestHelloWorld@4c70fda8]" name="testEmailGenerator2" duration-ms="21" started-at="2019-03-06T11:18:12Z" finished-at="2019-03-06T11:18:12Z">
          <reporter-output>
          </reporter-output>
        </test-method> <!-- testEmailGenerator2 -->
      </class> <!-- net.xdclass.demo.testng.TestHelloWorld -->
    </test> <!-- Default test -->
  </suite> <!-- Default suite -->
</testng-results>
